<?xml version="1.0" encoding="UTF-8"?>
<!-- Generated by org.testng.reporters.JUnitReportReporter -->
<testsuite skipped="0" hostname="prakumak-mac" name="com.Tesuto.TestCases.ContactPageTest" tests="1" failures="0" timestamp="01 Nov 2018 13:16:11 GMT" time="4.548" errors="0">
  <testcase name="validateEnterContactDetailsTest" time="4.548" classname="com.Tesuto.TestCases.ContactPageTest"/>
</testsuite> <!-- com.Tesuto.TestCases.ContactPageTest -->
