<?xml version="1.0" encoding="UTF-8"?>
<!-- Generated by org.testng.reporters.JUnitReportReporter -->
<testsuite skipped="0" hostname="prakumak-mac" name="com.Tesuto.TestCases.ContactPageTest" tests="4" failures="0" timestamp="03 Nov 2018 07:49:23 GMT" time="20.772" errors="0">
  <testcase name="validateEnterContactDetailsTest" time="6.151" classname="com.Tesuto.TestCases.ContactPageTest"/>
  <testcase name="validateEnterContactDetailsTest" time="5.405" classname="com.Tesuto.TestCases.ContactPageTest"/>
  <testcase name="validateEnterContactDetailsTest" time="5.103" classname="com.Tesuto.TestCases.ContactPageTest"/>
  <testcase name="validateEnterContactDetailsTest" time="4.113" classname="com.Tesuto.TestCases.ContactPageTest"/>
</testsuite> <!-- com.Tesuto.TestCases.ContactPageTest -->
