<?xml version="1.0" encoding="UTF-8"?>
<!-- Generated by org.testng.reporters.JUnitReportReporter -->
<testsuite skipped="0" hostname="prakumak-mac" name="com.Tesuto.TestCases.HomePageTest" tests="2" failures="0" timestamp="01 Nov 2018 17:43:39 GMT" time="0.088" errors="0">
  <testcase name="verifyHomePageTitleTest" time="0.016" classname="com.Tesuto.TestCases.HomePageTest"/>
  <testcase name="validateUserNameLableTest" time="0.072" classname="com.Tesuto.TestCases.HomePageTest"/>
</testsuite> <!-- com.Tesuto.TestCases.HomePageTest -->
