<?xml version="1.0" encoding="UTF-8"?>
<!-- Generated by org.testng.reporters.JUnitReportReporter -->
<testsuite skipped="0" hostname="prakumak-mac" name="com.Tesuto.TestCases.LoginPageTest" tests="3" failures="0" timestamp="30 Oct 2018 11:25:01 GMT" time="8.402" errors="0">
  <testcase name="validateLoginPageTilteTest" time="0.028" classname="com.Tesuto.TestCases.LoginPageTest"/>
  <testcase name="validateCRMImageTest" time="0.036" classname="com.Tesuto.TestCases.LoginPageTest"/>
  <testcase name="LoginTest" time="8.338" classname="com.Tesuto.TestCases.LoginPageTest"/>
</testsuite> <!-- com.Tesuto.TestCases.LoginPageTest -->
