<?xml version="1.0" encoding="UTF-8"?>
<!-- Generated by org.testng.reporters.JUnitReportReporter -->
<testsuite skipped="0" hostname="prakumak-mac" name="com.Tesuto.TestCases.ContactPageTest" tests="4" failures="0" timestamp="12 Nov 2018 06:42:43 GMT" time="15.170" errors="0">
  <testcase name="validateEnterContactDetailsTest" time="4.479" classname="com.Tesuto.TestCases.ContactPageTest"/>
  <testcase name="validateEnterContactDetailsTest" time="3.550" classname="com.Tesuto.TestCases.ContactPageTest"/>
  <testcase name="validateEnterContactDetailsTest" time="3.641" classname="com.Tesuto.TestCases.ContactPageTest"/>
  <testcase name="validateEnterContactDetailsTest" time="3.500" classname="com.Tesuto.TestCases.ContactPageTest"/>
</testsuite> <!-- com.Tesuto.TestCases.ContactPageTest -->
