<?xml version="1.0" encoding="UTF-8"?>
<!-- Generated by org.testng.reporters.JUnitReportReporter -->
<testsuite skipped="0" hostname="prakumak-mac" name="com.Tesuto.TestCases.HomePageTest" tests="3" failures="0" timestamp="30 Oct 2018 11:25:01 GMT" time="2.523" errors="0">
  <testcase name="verifyHomePageTitleTest" time="0.019" classname="com.Tesuto.TestCases.HomePageTest"/>
  <testcase name="validateUserNameLableTest" time="0.076" classname="com.Tesuto.TestCases.HomePageTest"/>
  <testcase name="clickOnContactsTest" time="2.428" classname="com.Tesuto.TestCases.HomePageTest"/>
</testsuite> <!-- com.Tesuto.TestCases.HomePageTest -->
