<?xml version="1.0" encoding="UTF-8"?>
<!-- Generated by org.testng.reporters.JUnitReportReporter -->
<testsuite skipped="0" hostname="prakumak-mac" name="com.Tesuto.TestCases.ContactPageTest" tests="4" failures="0" timestamp="01 Nov 2018 16:49:05 GMT" time="18.758" errors="0">
  <testcase name="validateEnterContactDetailsTest" time="3.519" classname="com.Tesuto.TestCases.ContactPageTest"/>
  <testcase name="validateEnterContactDetailsTest" time="5.824" classname="com.Tesuto.TestCases.ContactPageTest"/>
  <testcase name="validateEnterContactDetailsTest" time="5.292" classname="com.Tesuto.TestCases.ContactPageTest"/>
  <testcase name="validateEnterContactDetailsTest" time="4.123" classname="com.Tesuto.TestCases.ContactPageTest"/>
</testsuite> <!-- com.Tesuto.TestCases.ContactPageTest -->
