<?xml version="1.0" encoding="UTF-8"?>
<!-- Generated by org.testng.reporters.JUnitReportReporter -->
<testsuite skipped="0" hostname="prakumak-mac" name="com.Tesuto.TestCases.HomePageTest" tests="3" failures="0" timestamp="31 Oct 2018 15:25:33 GMT" time="2.095" errors="0">
  <testcase name="verifyHomePageTitleTest" time="0.018" classname="com.Tesuto.TestCases.HomePageTest"/>
  <testcase name="validateUserNameLableTest" time="0.072" classname="com.Tesuto.TestCases.HomePageTest"/>
  <testcase name="clickOnNewContactTest" time="2.005" classname="com.Tesuto.TestCases.HomePageTest"/>
</testsuite> <!-- com.Tesuto.TestCases.HomePageTest -->
